<?xml version="1.0" encoding="UTF-8"?>
<coverage generated="1754149845277" clover="3.2.0">
  <project timestamp="1754149845277" name="All files">
    <metrics statements="8" coveredstatements="0" conditionals="0" coveredconditionals="0" methods="8" coveredmethods="0" elements="16" coveredelements="0" complexity="0" loc="8" ncloc="8" packages="1" files="1" classes="1"/>
    <file name="mock.ts" path="/Users/macbookpro/Desktop/DeepWorkAI/Focus-AI/src/services/supabase/mock.ts">
      <metrics statements="8" coveredstatements="0" conditionals="0" coveredconditionals="0" methods="8" coveredmethods="0"/>
      <line num="2" count="0" type="stmt"/>
      <line num="4" count="0" type="stmt"/>
      <line num="8" count="0" type="stmt"/>
      <line num="12" count="0" type="stmt"/>
      <line num="13" count="0" type="stmt"/>
      <line num="17" count="0" type="stmt"/>
      <line num="21" count="0" type="stmt"/>
      <line num="27" count="0" type="stmt"/>
    </file>
  </project>
</coverage>
