{"/Users/macbookpro/Desktop/DeepWorkAI/Focus-AI/src/services/supabase/mock.ts": {"path":"/Users/macbookpro/Desktop/DeepWorkAI/Focus-AI/src/services/supabase/mock.ts","statementMap":{"0":{"start":{"line":2,"column":34},"end":{"line":25,"column":2}},"1":{"start":{"line":2,"column":41},"end":{"line":25,"column":1}},"2":{"start":{"line":4,"column":37},"end":{"line":7,"column":5}},"3":{"start":{"line":8,"column":25},"end":{"line":11,"column":5}},"4":{"start":{"line":12,"column":26},"end":{"line":12,"column":41}},"5":{"start":{"line":13,"column":26},"end":{"line":16,"column":5}},"6":{"start":{"line":17,"column":29},"end":{"line":20,"column":5}},"7":{"start":{"line":21,"column":30},"end":{"line":23,"column":5}},"8":{"start":{"line":27,"column":28},"end":{"line":27,"column":48}}},"fnMap":{"0":{"name":"(anonymous_0)","decl":{"start":{"line":2,"column":34},"end":{"line":2,"column":35}},"loc":{"start":{"line":2,"column":41},"end":{"line":25,"column":1}},"line":2},"1":{"name":"(anonymous_1)","decl":{"start":{"line":4,"column":24},"end":{"line":4,"column":25}},"loc":{"start":{"line":4,"column":37},"end":{"line":7,"column":5}},"line":4},"2":{"name":"(anonymous_2)","decl":{"start":{"line":8,"column":12},"end":{"line":8,"column":13}},"loc":{"start":{"line":8,"column":25},"end":{"line":11,"column":5}},"line":8},"3":{"name":"(anonymous_3)","decl":{"start":{"line":12,"column":13},"end":{"line":12,"column":14}},"loc":{"start":{"line":12,"column":26},"end":{"line":12,"column":41}},"line":12},"4":{"name":"(anonymous_4)","decl":{"start":{"line":13,"column":13},"end":{"line":13,"column":14}},"loc":{"start":{"line":13,"column":26},"end":{"line":16,"column":5}},"line":13},"5":{"name":"(anonymous_5)","decl":{"start":{"line":17,"column":16},"end":{"line":17,"column":17}},"loc":{"start":{"line":17,"column":29},"end":{"line":20,"column":5}},"line":17},"6":{"name":"(anonymous_6)","decl":{"start":{"line":21,"column":23},"end":{"line":21,"column":24}},"loc":{"start":{"line":21,"column":30},"end":{"line":23,"column":5}},"line":21},"7":{"name":"(anonymous_7)","decl":{"start":{"line":22,"column":43},"end":{"line":22,"column":44}},"loc":{"start":{"line":22,"column":49},"end":{"line":22,"column":51}},"line":22}},"branchMap":{},"s":{"0":0,"1":0,"2":0,"3":0,"4":0,"5":0,"6":0,"7":0,"8":0},"f":{"0":0,"1":0,"2":0,"3":0,"4":0,"5":0,"6":0,"7":0},"b":{}}
}
